[debug] [2017-09-14T09:33:45.461Z] ----------------------------------------------------------------------
[debug] [2017-09-14T09:33:45.464Z] Command:       C:\Program Files\nodejs\node.exe C:\Users\Giohji\AppData\Roaming\npm\node_modules\firebase-tools\bin\firebase deploy
[debug] [2017-09-14T09:33:45.464Z] CLI Version:   3.10.1
[debug] [2017-09-14T09:33:45.464Z] Platform:      win32
[debug] [2017-09-14T09:33:45.464Z] Node Version:  v6.11.0
[debug] [2017-09-14T09:33:45.466Z] Time:          Thu Sep 14 2017 06:33:45 GMT-0300 (E. South America Standard Time)
[debug] [2017-09-14T09:33:45.466Z] ----------------------------------------------------------------------
[debug] 
[debug] [2017-09-14T09:33:45.477Z] > command requires scopes: ["email","openid","https://www.googleapis.com/auth/cloudplatformprojects.readonly","https://www.googleapis.com/auth/firebase","https://www.googleapis.com/auth/cloud-platform"]
[debug] [2017-09-14T09:33:45.479Z] > authorizing via signed-in user
[debug] [2017-09-14T09:33:45.480Z] > refreshing access token with scopes: ["email","https://www.googleapis.com/auth/cloud-platform","https://www.googleapis.com/auth/cloudplatformprojects.readonly","https://www.googleapis.com/auth/firebase","openid"]
[debug] [2017-09-14T09:33:45.480Z] >>> HTTP REQUEST POST https://www.googleapis.com/oauth2/v3/token { refresh_token: '1/eKl5fNJxF-Pxa0Kw5JzRuUtRJ3l3tgYOg2Rh_rH7Lps',
  client_id: '563584335869-fgrhgmd47bqnekij5i8b5pr03ho849e6.apps.googleusercontent.com',
  client_secret: 'j9iVZfS8kkCEFUPaAeJV0sAi',
  grant_type: 'refresh_token',
  scope: 'email https://www.googleapis.com/auth/cloud-platform https://www.googleapis.com/auth/cloudplatformprojects.readonly https://www.googleapis.com/auth/firebase openid' } 
 Thu Sep 14 2017 06:33:45 GMT-0300 (E. South America Standard Time)
[debug] [2017-09-14T09:33:45.785Z] <<< HTTP RESPONSE 200
[debug] [2017-09-14T09:33:45.789Z] >>> HTTP REQUEST GET https://admin.firebase.com/v1/projects/arbosaude  
 Thu Sep 14 2017 06:33:45 GMT-0300 (E. South America Standard Time)
